This is pdfTeX, Version 3.141592653-2.6-1.40.22 (MiKTeX 21.3) (preloaded format=pdflatex 2021.3.31)  10 AUG 2021 19:49
entering extended mode
**./Master_thesis.tex
(Master_thesis.tex
LaTeX2e <2020-10-01> patch level 4
L3 programming layer <2021-02-18>
(C:\Users\aruns\AppData\Local\Programs\MiKTeX\tex/latex/extsizes\extarticle.cls
Document Class: extarticle 1996/10/08 v1.0 Non Standard LaTeX document class
(C:\Users\aruns\AppData\Local\Programs\MiKTeX\tex/latex/base\size12.clo
File: size12.clo 2020/04/10 v1.4m Standard LaTeX file (size option)
)
(C:\Users\aruns\AppData\Local\Programs\MiKTeX\tex/latex/base\exscale.sty
Package: exscale 2018/09/24 v2.1i Standard LaTeX package exscale
LaTeX Font Info:    Redeclaring symbol font `largesymbols' on input line 57.
LaTeX Font Info:    Overwriting symbol font `largesymbols' in version `normal'
(Font)                  OMX/cmex/m/n --> OMX/cmex/m/n on input line 57.
LaTeX Font Info:    Overwriting symbol font `largesymbols' in version `bold'
(Font)                  OMX/cmex/m/n --> OMX/cmex/m/n on input line 57.
\big@size=\dimen138
)
\c@part=\count179
\c@section=\count180
\c@subsection=\count181
\c@subsubsection=\count182
\c@paragraph=\count183
\c@subparagraph=\count184
\c@figure=\count185
\c@table=\count186
\abovecaptionskip=\skip47
\belowcaptionskip=\skip48
\bibindent=\dimen139
)
(C:\Users\aruns\AppData\Local\Programs\MiKTeX\tex/latex/amsmath\amsmath.sty
Package: amsmath 2020/09/23 v2.17i AMS math features
\@mathmargin=\skip49

For additional information on amsmath, use the `?' option.
(C:\Users\aruns\AppData\Local\Programs\MiKTeX\tex/latex/amsmath\amstext.sty
Package: amstext 2000/06/29 v2.01 AMS text

(C:\Users\aruns\AppData\Local\Programs\MiKTeX\tex/latex/amsmath\amsgen.sty
File: amsgen.sty 1999/11/30 v2.0 generic functions
\@emptytoks=\toks15
\ex@=\dimen140
))
(C:\Users\aruns\AppData\Local\Programs\MiKTeX\tex/latex/amsmath\amsbsy.sty
Package: amsbsy 1999/11/29 v1.2d Bold Symbols
\pmbraise@=\dimen141
)
(C:\Users\aruns\AppData\Local\Programs\MiKTeX\tex/latex/amsmath\amsopn.sty
Package: amsopn 2016/03/08 v2.02 operator names
)
\inf@bad=\count187
LaTeX Info: Redefining \frac on input line 234.
\uproot@=\count188
\leftroot@=\count189
LaTeX Info: Redefining \overline on input line 399.
\classnum@=\count190
\DOTSCASE@=\count191
LaTeX Info: Redefining \ldots on input line 496.
LaTeX Info: Redefining \dots on input line 499.
LaTeX Info: Redefining \cdots on input line 620.
\Mathstrutbox@=\box47
\strutbox@=\box48
\big@size=\dimen142
LaTeX Font Info:    Redeclaring font encoding OML on input line 743.
LaTeX Font Info:    Redeclaring font encoding OMS on input line 744.
\macc@depth=\count192
\c@MaxMatrixCols=\count193
\dotsspace@=\muskip16
\c@parentequation=\count194
\dspbrk@lvl=\count195
\tag@help=\toks16
\row@=\count196
\column@=\count197
\maxfields@=\count198
\andhelp@=\toks17
\eqnshift@=\dimen143
\alignsep@=\dimen144
\tagshift@=\dimen145
\tagwidth@=\dimen146
\totwidth@=\dimen147
\lineht@=\dimen148
\@envbody=\toks18
\multlinegap=\skip50
\multlinetaggap=\skip51
\mathdisplay@stack=\toks19
LaTeX Info: Redefining \[ on input line 2923.
LaTeX Info: Redefining \] on input line 2924.
)
(C:\Users\aruns\AppData\Local\Programs\MiKTeX\tex/latex/ncctools\nccmath.sty
Package: nccmath 2006/01/20 v1.3 Additional Math Commands (NCC)
\NCC@fracrulewidth=\dimen149
)
(C:\Users\aruns\AppData\Local\Programs\MiKTeX\tex/latex/amsfonts\amsfonts.sty
Package: amsfonts 2013/01/14 v3.01 Basic AMSFonts support
\symAMSa=\mathgroup4
\symAMSb=\mathgroup5
LaTeX Font Info:    Redeclaring math symbol \hbar on input line 98.
LaTeX Font Info:    Overwriting math alphabet `\mathfrak' in version `bold'
(Font)                  U/euf/m/n --> U/euf/b/n on input line 106.
)
(C:\Users\aruns\AppData\Local\Programs\MiKTeX\tex/latex/graphics\lscape.sty
Package: lscape 2020/05/28 v3.02 Landscape Pages (DPC)

(C:\Users\aruns\AppData\Local\Programs\MiKTeX\tex/latex/graphics\graphics.sty
Package: graphics 2020/08/30 v1.4c Standard LaTeX Graphics (DPC,SPQR)

(C:\Users\aruns\AppData\Local\Programs\MiKTeX\tex/latex/graphics\trig.sty
Package: trig 2016/01/03 v1.10 sin cos tan (DPC)
)
(C:\Users\aruns\AppData\Local\Programs\MiKTeX\tex/latex/graphics-cfg\graphics.c
fg
File: graphics.cfg 2016/06/04 v1.11 sample graphics configuration
)
Package graphics Info: Driver file: pdftex.def on input line 105.

(C:\Users\aruns\AppData\Local\Programs\MiKTeX\tex/latex/graphics-def\pdftex.def
File: pdftex.def 2020/10/05 v1.2a Graphics/color driver for pdftex
))) (C:\Users\aruns\AppData\Local\Programs\MiKTeX\tex/latex/base\inputenc.sty
Package: inputenc 2020/08/01 v1.3d Input encoding file
\inpenc@prehook=\toks20
\inpenc@posthook=\toks21
)
(C:\Users\aruns\AppData\Local\Programs\MiKTeX\tex/latex/titlepic\titlepic.sty
Package: titlepic 2017/03/14 1.2 Package to display a picture on the title page

)
(C:\Users\aruns\AppData\Local\Programs\MiKTeX\tex/latex/stackengine\stackengine
.sty
Package: stackengine 2017/02/13 v4.01\ Stacking text and objects in convenient 
ways

(C:\Users\aruns\AppData\Local\Programs\MiKTeX\tex/latex/etoolbox\etoolbox.sty
Package: etoolbox 2020/10/05 v2.5k e-TeX tools for LaTeX (JAW)
\etb@tempcnta=\count199
)
(C:\Users\aruns\AppData\Local\Programs\MiKTeX\tex/latex/listofitems\listofitems
.sty
(C:\Users\aruns\AppData\Local\Programs\MiKTeX\tex/generic/listofitems\listofite
ms.tex
\loi_cnt_foreach_nest=\count266
\loi_nestcnt=\count267
)
Package: listofitems 2019/08/21 v1.63 Grab items in lists using user-specified 
sep char (CT)
)
(C:\Users\aruns\AppData\Local\Programs\MiKTeX\tex/latex/latex-tools\calc.sty
Package: calc 2017/05/25 v4.3 Infix arithmetic (KKT,FJ)
\calc@Acount=\count268
\calc@Bcount=\count269
\calc@Adimen=\dimen150
\calc@Bdimen=\dimen151
\calc@Askip=\skip52
\calc@Bskip=\skip53
LaTeX Info: Redefining \setlength on input line 80.
LaTeX Info: Redefining \addtolength on input line 81.
\calc@Ccount=\count270
\calc@Cskip=\skip54
)
\c@@stackindex=\count271
\@boxshift=\skip55
\stack@tmplength=\skip56
\temp@stkl=\skip57
\@stackedboxwidth=\skip58
\@addedbox=\box49
\@anchorbox=\box50
\stackedbox=\box51
\@centerbox=\box52
\c@ROWcellindex@=\count272
)
(C:\Users\aruns\AppData\Local\Programs\MiKTeX\tex/latex/lipsum\lipsum.sty
(C:\Users\aruns\AppData\Local\Programs\MiKTeX\tex/latex/l3kernel\expl3.sty
Package: expl3 2021-02-18 L3 programming layer (loader) 

(C:\Users\aruns\AppData\Local\Programs\MiKTeX\tex/latex/l3backend\l3backend-pdf
tex.def
File: l3backend-pdftex.def 2021-03-18 L3 backend support: PDF output (pdfTeX)
\l__color_backend_stack_int=\count273
\l__pdf_internal_box=\box53
))
(C:\Users\aruns\AppData\Local\Programs\MiKTeX\tex/latex/l3packages/xparse\xpars
e.sty
(C:\Users\aruns\AppData\Local\Programs\MiKTeX\tex/latex/l3packages/xparse\xpars
e-2020-10-01.sty
(C:\Users\aruns\AppData\Local\Programs\MiKTeX\tex/latex/l3packages/xparse\xpars
e-generic.tex)))
Package: lipsum 2021-03-03 v2.3 150 paragraphs of Lorem Ipsum dummy text

(C:\Users\aruns\AppData\Local\Programs\MiKTeX\tex/latex/lipsum\lipsum.ltd.tex
File: lipsum.ltd.tex 2021-03-03 v2.3 The Lorem ipsum dummy text
)) (C:\Users\aruns\AppData\Local\Programs\MiKTeX\tex/latex/graphics\graphicx.st
y
Package: graphicx 2020/09/09 v1.2b Enhanced LaTeX Graphics (DPC,SPQR)

(C:\Users\aruns\AppData\Local\Programs\MiKTeX\tex/latex/graphics\keyval.sty
Package: keyval 2014/10/28 v1.15 key=value parser (DPC)
\KV@toks@=\toks22
)
\Gin@req@height=\dimen152
\Gin@req@width=\dimen153
)
(C:\Users\aruns\AppData\Local\Programs\MiKTeX\tex/latex/placeins\placeins.sty
Package: placeins 2005/04/18  v 2.2
)
(C:\Users\aruns\AppData\Local\Programs\MiKTeX\tex/latex/booktabs\booktabs.sty
Package: booktabs 2020/01/12 v1.61803398 Publication quality tables
\heavyrulewidth=\dimen154
\lightrulewidth=\dimen155
\cmidrulewidth=\dimen156
\belowrulesep=\dimen157
\belowbottomsep=\dimen158
\aboverulesep=\dimen159
\abovetopsep=\dimen160
\cmidrulesep=\dimen161
\cmidrulekern=\dimen162
\defaultaddspace=\dimen163
\@cmidla=\count274
\@cmidlb=\count275
\@aboverulesep=\dimen164
\@belowrulesep=\dimen165
\@thisruleclass=\count276
\@lastruleclass=\count277
\@thisrulewidth=\dimen166
)
(C:\Users\aruns\AppData\Local\Programs\MiKTeX\tex/latex/cite\cite.sty
LaTeX Info: Redefining \cite on input line 302.
LaTeX Info: Redefining \nocite on input line 332.
Package: cite 2015/02/27  v 5.5
)
(C:\Users\aruns\AppData\Local\Programs\MiKTeX\tex/latex/float\float.sty
Package: float 2001/11/08 v1.3d Float enhancements (AL)
\c@float@type=\count278
\float@exts=\toks23
\float@box=\box54
\@float@everytoks=\toks24
\@floatcapt=\box55
)
(C:\Users\aruns\AppData\Local\Programs\MiKTeX\tex/latex/caption\caption.sty
Package: caption 2020/10/26 v3.5g Customizing captions (AR)

(C:\Users\aruns\AppData\Local\Programs\MiKTeX\tex/latex/caption\caption3.sty
Package: caption3 2020/10/21 v2.2e caption3 kernel (AR)
\captionmargin=\dimen167
\captionmargin@=\dimen168
\captionwidth=\dimen169
\caption@tempdima=\dimen170
\caption@indent=\dimen171
\caption@parindent=\dimen172
\caption@hangindent=\dimen173
Package caption Info: Standard document class detected.
)
\c@caption@flags=\count279
\c@continuedfloat=\count280
Package caption Info: float package is loaded.
)
(C:\Users\aruns\AppData\Local\Programs\MiKTeX\tex/latex/adjustbox\adjustbox.sty
Package: adjustbox 2020/08/19 v1.3 Adjusting TeX boxes (trim, clip, ...)
(C:\Users\aruns\AppData\Local\Programs\MiKTeX\tex/latex/xkeyval\xkeyval.sty
Package: xkeyval 2020/11/20 v2.8 package option processing (HA)

(C:\Users\aruns\AppData\Local\Programs\MiKTeX\tex/generic/xkeyval\xkeyval.tex
(C:\Users\aruns\AppData\Local\Programs\MiKTeX\tex/generic/xkeyval\xkvutils.tex
\XKV@toks=\toks25
\XKV@tempa@toks=\toks26
)
\XKV@depth=\count281
File: xkeyval.tex 2014/12/03 v2.7a key=value parser (HA)
))
(C:\Users\aruns\AppData\Local\Programs\MiKTeX\tex/latex/adjustbox\adjcalc.sty
Package: adjcalc 2012/05/16 v1.1 Provides advanced setlength with multiple back
-ends (calc, etex, pgfmath)
)
(C:\Users\aruns\AppData\Local\Programs\MiKTeX\tex/latex/adjustbox\trimclip.sty
Package: trimclip 2020/08/19 v1.2 Trim and clip general TeX material

(C:\Users\aruns\AppData\Local\Programs\MiKTeX\tex/latex/collectbox\collectbox.s
ty
Package: collectbox 2012/05/17 v0.4b Collect macro arguments as boxes
\collectedbox=\box56
)
\tc@llx=\dimen174
\tc@lly=\dimen175
\tc@urx=\dimen176
\tc@ury=\dimen177
Package trimclip Info: Using driver 'tc-pdftex.def'.

(C:\Users\aruns\AppData\Local\Programs\MiKTeX\tex/latex/adjustbox\tc-pdftex.def
File: tc-pdftex.def 2019/01/04 v2.2 Clipping driver for pdftex
))
\adjbox@Width=\dimen178
\adjbox@Height=\dimen179
\adjbox@Depth=\dimen180
\adjbox@Totalheight=\dimen181
\adjbox@pwidth=\dimen182
\adjbox@pheight=\dimen183
\adjbox@pdepth=\dimen184
\adjbox@ptotalheight=\dimen185

(C:\Users\aruns\AppData\Local\Programs\MiKTeX\tex/latex/ifoddpage\ifoddpage.sty
Package: ifoddpage 2016/04/23 v1.1 Conditionals for odd/even page detection
\c@checkoddpage=\count282
) (C:\Users\aruns\AppData\Local\Programs\MiKTeX\tex/latex/varwidth\varwidth.sty
Package: varwidth 2009/03/30 ver 0.92;  Variable-width minipages
\@vwid@box=\box57
\sift@deathcycles=\count283
\@vwid@loff=\dimen186
\@vwid@roff=\dimen187
))
(C:\Users\aruns\AppData\Local\Programs\MiKTeX\tex/latex/caption\subcaption.sty
Package: subcaption 2020/10/07 v1.3j Sub-captions (AR)
\c@subfigure=\count284
\c@subtable=\count285
) (C:\Users\aruns\AppData\Local\Programs\MiKTeX\tex/latex/multirow\multirow.sty
Package: multirow 2021/03/15 v2.8 Span multiple rows of a table
\multirow@colwidth=\skip59
\multirow@cntb=\count286
\multirow@dima=\skip60
\bigstrutjot=\dimen188
) (C:\Users\aruns\AppData\Local\Programs\MiKTeX\tex/latex/geometry\geometry.sty
Package: geometry 2020/01/02 v5.9 Page Geometry

(C:\Users\aruns\AppData\Local\Programs\MiKTeX\tex/generic/iftex\ifvtex.sty
Package: ifvtex 2019/10/25 v1.7 ifvtex legacy package. Use iftex instead.

(C:\Users\aruns\AppData\Local\Programs\MiKTeX\tex/generic/iftex\iftex.sty
Package: iftex 2020/03/06 v1.0d TeX engine tests
))
\Gm@cnth=\count287
\Gm@cntv=\count288
\c@Gm@tempcnt=\count289
\Gm@bindingoffset=\dimen189
\Gm@wd@mp=\dimen190
\Gm@odd@mp=\dimen191
\Gm@even@mp=\dimen192
\Gm@layoutwidth=\dimen193
\Gm@layoutheight=\dimen194
\Gm@layouthoffset=\dimen195
\Gm@layoutvoffset=\dimen196
\Gm@dimlist=\toks27

(C:\Users\aruns\AppData\Local\Programs\MiKTeX\tex/latex/geometry\geometry.cfg))
(C:\Users\aruns\AppData\Local\Programs\MiKTeX\tex/latex/fancyhdr\fancyhdr.sty
Package: fancyhdr 2021/01/28 v4.0.1 Extensive control of page headers and foote
rs
\f@nch@headwidth=\skip61
\f@nch@O@elh=\skip62
\f@nch@O@erh=\skip63
\f@nch@O@olh=\skip64
\f@nch@O@orh=\skip65
\f@nch@O@elf=\skip66
\f@nch@O@erf=\skip67
\f@nch@O@olf=\skip68
\f@nch@O@orf=\skip69
)
(C:\Users\aruns\AppData\Local\Programs\MiKTeX\tex/latex/relsize\relsize.sty
Package: relsize 2013/03/29 ver 4.1
)
(C:\Users\aruns\AppData\Local\Programs\MiKTeX\tex/latex/pgf/frontendlayer\tikz.
sty
(C:\Users\aruns\AppData\Local\Programs\MiKTeX\tex/latex/pgf/basiclayer\pgf.sty
(C:\Users\aruns\AppData\Local\Programs\MiKTeX\tex/latex/pgf/utilities\pgfrcs.st
y
(C:\Users\aruns\AppData\Local\Programs\MiKTeX\tex/generic/pgf/utilities\pgfutil
-common.tex
\pgfutil@everybye=\toks28
\pgfutil@tempdima=\dimen197
\pgfutil@tempdimb=\dimen198

(C:\Users\aruns\AppData\Local\Programs\MiKTeX\tex/generic/pgf/utilities\pgfutil
-common-lists.tex))
(C:\Users\aruns\AppData\Local\Programs\MiKTeX\tex/generic/pgf/utilities\pgfutil
-latex.def
\pgfutil@abb=\box58
)
(C:\Users\aruns\AppData\Local\Programs\MiKTeX\tex/generic/pgf/utilities\pgfrcs.
code.tex
(C:\Users\aruns\AppData\Local\Programs\MiKTeX\tex/generic/pgf\pgf.revision.tex)
Package: pgfrcs 2020/12/27 v3.1.8b (3.1.8b)
))
Package: pgf 2020/12/27 v3.1.8b (3.1.8b)

(C:\Users\aruns\AppData\Local\Programs\MiKTeX\tex/latex/pgf/basiclayer\pgfcore.
sty
(C:\Users\aruns\AppData\Local\Programs\MiKTeX\tex/latex/pgf/systemlayer\pgfsys.
sty
(C:\Users\aruns\AppData\Local\Programs\MiKTeX\tex/generic/pgf/systemlayer\pgfsy
s.code.tex
Package: pgfsys 2020/12/27 v3.1.8b (3.1.8b)

(C:\Users\aruns\AppData\Local\Programs\MiKTeX\tex/generic/pgf/utilities\pgfkeys
.code.tex
\pgfkeys@pathtoks=\toks29
\pgfkeys@temptoks=\toks30

(C:\Users\aruns\AppData\Local\Programs\MiKTeX\tex/generic/pgf/utilities\pgfkeys
filtered.code.tex
\pgfkeys@tmptoks=\toks31
))
\pgf@x=\dimen199
\pgf@y=\dimen256
\pgf@xa=\dimen257
\pgf@ya=\dimen258
\pgf@xb=\dimen259
\pgf@yb=\dimen260
\pgf@xc=\dimen261
\pgf@yc=\dimen262
\pgf@xd=\dimen263
\pgf@yd=\dimen264
\w@pgf@writea=\write3
\r@pgf@reada=\read2
\c@pgf@counta=\count290
\c@pgf@countb=\count291
\c@pgf@countc=\count292
\c@pgf@countd=\count293
\t@pgf@toka=\toks32
\t@pgf@tokb=\toks33
\t@pgf@tokc=\toks34
\pgf@sys@id@count=\count294

(C:\Users\aruns\AppData\Local\Programs\MiKTeX\tex/generic/pgf/systemlayer\pgf.c
fg
File: pgf.cfg 2020/12/27 v3.1.8b (3.1.8b)
)
Driver file for pgf: pgfsys-pdftex.def

(C:\Users\aruns\AppData\Local\Programs\MiKTeX\tex/generic/pgf/systemlayer\pgfsy
s-pdftex.def
File: pgfsys-pdftex.def 2020/12/27 v3.1.8b (3.1.8b)

(C:\Users\aruns\AppData\Local\Programs\MiKTeX\tex/generic/pgf/systemlayer\pgfsy
s-common-pdf.def
File: pgfsys-common-pdf.def 2020/12/27 v3.1.8b (3.1.8b)
)))
(C:\Users\aruns\AppData\Local\Programs\MiKTeX\tex/generic/pgf/systemlayer\pgfsy
ssoftpath.code.tex
File: pgfsyssoftpath.code.tex 2020/12/27 v3.1.8b (3.1.8b)
\pgfsyssoftpath@smallbuffer@items=\count295
\pgfsyssoftpath@bigbuffer@items=\count296
)
(C:\Users\aruns\AppData\Local\Programs\MiKTeX\tex/generic/pgf/systemlayer\pgfsy
sprotocol.code.tex
File: pgfsysprotocol.code.tex 2020/12/27 v3.1.8b (3.1.8b)
))
(C:\Users\aruns\AppData\Local\Programs\MiKTeX\tex/latex/xcolor\xcolor.sty
Package: xcolor 2016/05/11 v2.12 LaTeX color extensions (UK)

(C:\Users\aruns\AppData\Local\Programs\MiKTeX\tex/latex/graphics-cfg\color.cfg
File: color.cfg 2016/01/02 v1.6 sample color configuration
)
Package xcolor Info: Driver file: pdftex.def on input line 225.
Package xcolor Info: Model `cmy' substituted by `cmy0' on input line 1348.
Package xcolor Info: Model `hsb' substituted by `rgb' on input line 1352.
Package xcolor Info: Model `RGB' extended on input line 1364.
Package xcolor Info: Model `HTML' substituted by `rgb' on input line 1366.
Package xcolor Info: Model `Hsb' substituted by `hsb' on input line 1367.
Package xcolor Info: Model `tHsb' substituted by `hsb' on input line 1368.
Package xcolor Info: Model `HSB' substituted by `hsb' on input line 1369.
Package xcolor Info: Model `Gray' substituted by `gray' on input line 1370.
Package xcolor Info: Model `wave' substituted by `hsb' on input line 1371.
)
(C:\Users\aruns\AppData\Local\Programs\MiKTeX\tex/generic/pgf/basiclayer\pgfcor
e.code.tex
Package: pgfcore 2020/12/27 v3.1.8b (3.1.8b)

(C:\Users\aruns\AppData\Local\Programs\MiKTeX\tex/generic/pgf/math\pgfmath.code
.tex
(C:\Users\aruns\AppData\Local\Programs\MiKTeX\tex/generic/pgf/math\pgfmathcalc.
code.tex
(C:\Users\aruns\AppData\Local\Programs\MiKTeX\tex/generic/pgf/math\pgfmathutil.
code.tex)
(C:\Users\aruns\AppData\Local\Programs\MiKTeX\tex/generic/pgf/math\pgfmathparse
r.code.tex
\pgfmath@dimen=\dimen265
\pgfmath@count=\count297
\pgfmath@box=\box59
\pgfmath@toks=\toks35
\pgfmath@stack@operand=\toks36
\pgfmath@stack@operation=\toks37
)
(C:\Users\aruns\AppData\Local\Programs\MiKTeX\tex/generic/pgf/math\pgfmathfunct
ions.code.tex
(C:\Users\aruns\AppData\Local\Programs\MiKTeX\tex/generic/pgf/math\pgfmathfunct
ions.basic.code.tex)
(C:\Users\aruns\AppData\Local\Programs\MiKTeX\tex/generic/pgf/math\pgfmathfunct
ions.trigonometric.code.tex)
(C:\Users\aruns\AppData\Local\Programs\MiKTeX\tex/generic/pgf/math\pgfmathfunct
ions.random.code.tex)
(C:\Users\aruns\AppData\Local\Programs\MiKTeX\tex/generic/pgf/math\pgfmathfunct
ions.comparison.code.tex)
(C:\Users\aruns\AppData\Local\Programs\MiKTeX\tex/generic/pgf/math\pgfmathfunct
ions.base.code.tex)
(C:\Users\aruns\AppData\Local\Programs\MiKTeX\tex/generic/pgf/math\pgfmathfunct
ions.round.code.tex)
(C:\Users\aruns\AppData\Local\Programs\MiKTeX\tex/generic/pgf/math\pgfmathfunct
ions.misc.code.tex)
(C:\Users\aruns\AppData\Local\Programs\MiKTeX\tex/generic/pgf/math\pgfmathfunct
ions.integerarithmetics.code.tex)))
(C:\Users\aruns\AppData\Local\Programs\MiKTeX\tex/generic/pgf/math\pgfmathfloat
.code.tex
\c@pgfmathroundto@lastzeros=\count298
))
(C:\Users\aruns\AppData\Local\Programs\MiKTeX\tex/generic/pgf/math\pgfint.code.
tex)
(C:\Users\aruns\AppData\Local\Programs\MiKTeX\tex/generic/pgf/basiclayer\pgfcor
epoints.code.tex
File: pgfcorepoints.code.tex 2020/12/27 v3.1.8b (3.1.8b)
\pgf@picminx=\dimen266
\pgf@picmaxx=\dimen267
\pgf@picminy=\dimen268
\pgf@picmaxy=\dimen269
\pgf@pathminx=\dimen270
\pgf@pathmaxx=\dimen271
\pgf@pathminy=\dimen272
\pgf@pathmaxy=\dimen273
\pgf@xx=\dimen274
\pgf@xy=\dimen275
\pgf@yx=\dimen276
\pgf@yy=\dimen277
\pgf@zx=\dimen278
\pgf@zy=\dimen279
)
(C:\Users\aruns\AppData\Local\Programs\MiKTeX\tex/generic/pgf/basiclayer\pgfcor
epathconstruct.code.tex
File: pgfcorepathconstruct.code.tex 2020/12/27 v3.1.8b (3.1.8b)
\pgf@path@lastx=\dimen280
\pgf@path@lasty=\dimen281
)
(C:\Users\aruns\AppData\Local\Programs\MiKTeX\tex/generic/pgf/basiclayer\pgfcor
epathusage.code.tex
File: pgfcorepathusage.code.tex 2020/12/27 v3.1.8b (3.1.8b)
\pgf@shorten@end@additional=\dimen282
\pgf@shorten@start@additional=\dimen283
)
(C:\Users\aruns\AppData\Local\Programs\MiKTeX\tex/generic/pgf/basiclayer\pgfcor
escopes.code.tex
File: pgfcorescopes.code.tex 2020/12/27 v3.1.8b (3.1.8b)
\pgfpic=\box60
\pgf@hbox=\box61
\pgf@layerbox@main=\box62
\pgf@picture@serial@count=\count299
)
(C:\Users\aruns\AppData\Local\Programs\MiKTeX\tex/generic/pgf/basiclayer\pgfcor
egraphicstate.code.tex
File: pgfcoregraphicstate.code.tex 2020/12/27 v3.1.8b (3.1.8b)
\pgflinewidth=\dimen284
)
(C:\Users\aruns\AppData\Local\Programs\MiKTeX\tex/generic/pgf/basiclayer\pgfcor
etransformations.code.tex
File: pgfcoretransformations.code.tex 2020/12/27 v3.1.8b (3.1.8b)
\pgf@pt@x=\dimen285
\pgf@pt@y=\dimen286
\pgf@pt@temp=\dimen287
)
(C:\Users\aruns\AppData\Local\Programs\MiKTeX\tex/generic/pgf/basiclayer\pgfcor
equick.code.tex
File: pgfcorequick.code.tex 2020/12/27 v3.1.8b (3.1.8b)
)
(C:\Users\aruns\AppData\Local\Programs\MiKTeX\tex/generic/pgf/basiclayer\pgfcor
eobjects.code.tex
File: pgfcoreobjects.code.tex 2020/12/27 v3.1.8b (3.1.8b)
)
(C:\Users\aruns\AppData\Local\Programs\MiKTeX\tex/generic/pgf/basiclayer\pgfcor
epathprocessing.code.tex
File: pgfcorepathprocessing.code.tex 2020/12/27 v3.1.8b (3.1.8b)
)
(C:\Users\aruns\AppData\Local\Programs\MiKTeX\tex/generic/pgf/basiclayer\pgfcor
earrows.code.tex
File: pgfcorearrows.code.tex 2020/12/27 v3.1.8b (3.1.8b)
\pgfarrowsep=\dimen288
)
(C:\Users\aruns\AppData\Local\Programs\MiKTeX\tex/generic/pgf/basiclayer\pgfcor
eshade.code.tex
File: pgfcoreshade.code.tex 2020/12/27 v3.1.8b (3.1.8b)
\pgf@max=\dimen289
\pgf@sys@shading@range@num=\count300
\pgf@shadingcount=\count301
)
(C:\Users\aruns\AppData\Local\Programs\MiKTeX\tex/generic/pgf/basiclayer\pgfcor
eimage.code.tex
File: pgfcoreimage.code.tex 2020/12/27 v3.1.8b (3.1.8b)

(C:\Users\aruns\AppData\Local\Programs\MiKTeX\tex/generic/pgf/basiclayer\pgfcor
eexternal.code.tex
File: pgfcoreexternal.code.tex 2020/12/27 v3.1.8b (3.1.8b)
\pgfexternal@startupbox=\box63
))
(C:\Users\aruns\AppData\Local\Programs\MiKTeX\tex/generic/pgf/basiclayer\pgfcor
elayers.code.tex
File: pgfcorelayers.code.tex 2020/12/27 v3.1.8b (3.1.8b)
)
(C:\Users\aruns\AppData\Local\Programs\MiKTeX\tex/generic/pgf/basiclayer\pgfcor
etransparency.code.tex
File: pgfcoretransparency.code.tex 2020/12/27 v3.1.8b (3.1.8b)
)
(C:\Users\aruns\AppData\Local\Programs\MiKTeX\tex/generic/pgf/basiclayer\pgfcor
epatterns.code.tex
File: pgfcorepatterns.code.tex 2020/12/27 v3.1.8b (3.1.8b)
)
(C:\Users\aruns\AppData\Local\Programs\MiKTeX\tex/generic/pgf/basiclayer\pgfcor
erdf.code.tex
File: pgfcorerdf.code.tex 2020/12/27 v3.1.8b (3.1.8b)
)))
(C:\Users\aruns\AppData\Local\Programs\MiKTeX\tex/generic/pgf/modules\pgfmodule
shapes.code.tex
File: pgfmoduleshapes.code.tex 2020/12/27 v3.1.8b (3.1.8b)
\pgfnodeparttextbox=\box64
)
(C:\Users\aruns\AppData\Local\Programs\MiKTeX\tex/generic/pgf/modules\pgfmodule
plot.code.tex
File: pgfmoduleplot.code.tex 2020/12/27 v3.1.8b (3.1.8b)
)
(C:\Users\aruns\AppData\Local\Programs\MiKTeX\tex/latex/pgf/compatibility\pgfco
mp-version-0-65.sty
Package: pgfcomp-version-0-65 2020/12/27 v3.1.8b (3.1.8b)
\pgf@nodesepstart=\dimen290
\pgf@nodesepend=\dimen291
)
(C:\Users\aruns\AppData\Local\Programs\MiKTeX\tex/latex/pgf/compatibility\pgfco
mp-version-1-18.sty
Package: pgfcomp-version-1-18 2020/12/27 v3.1.8b (3.1.8b)
))
(C:\Users\aruns\AppData\Local\Programs\MiKTeX\tex/latex/pgf/utilities\pgffor.st
y
(C:\Users\aruns\AppData\Local\Programs\MiKTeX\tex/latex/pgf/utilities\pgfkeys.s
ty
(C:\Users\aruns\AppData\Local\Programs\MiKTeX\tex/generic/pgf/utilities\pgfkeys
.code.tex))
(C:\Users\aruns\AppData\Local\Programs\MiKTeX\tex/latex/pgf/math\pgfmath.sty
(C:\Users\aruns\AppData\Local\Programs\MiKTeX\tex/generic/pgf/math\pgfmath.code
.tex))
(C:\Users\aruns\AppData\Local\Programs\MiKTeX\tex/generic/pgf/utilities\pgffor.
code.tex
Package: pgffor 2020/12/27 v3.1.8b (3.1.8b)

(C:\Users\aruns\AppData\Local\Programs\MiKTeX\tex/generic/pgf/math\pgfmath.code
.tex)
\pgffor@iter=\dimen292
\pgffor@skip=\dimen293
\pgffor@stack=\toks38
\pgffor@toks=\toks39
))
(C:\Users\aruns\AppData\Local\Programs\MiKTeX\tex/generic/pgf/frontendlayer/tik
z\tikz.code.tex
Package: tikz 2020/12/27 v3.1.8b (3.1.8b)

(C:\Users\aruns\AppData\Local\Programs\MiKTeX\tex/generic/pgf/libraries\pgflibr
aryplothandlers.code.tex
File: pgflibraryplothandlers.code.tex 2020/12/27 v3.1.8b (3.1.8b)
\pgf@plot@mark@count=\count302
\pgfplotmarksize=\dimen294
)
\tikz@lastx=\dimen295
\tikz@lasty=\dimen296
\tikz@lastxsaved=\dimen297
\tikz@lastysaved=\dimen298
\tikz@lastmovetox=\dimen299
\tikz@lastmovetoy=\dimen300
\tikzleveldistance=\dimen301
\tikzsiblingdistance=\dimen302
\tikz@figbox=\box65
\tikz@figbox@bg=\box66
\tikz@tempbox=\box67
\tikz@tempbox@bg=\box68
\tikztreelevel=\count303
\tikznumberofchildren=\count304
\tikznumberofcurrentchild=\count305
\tikz@fig@count=\count306

(C:\Users\aruns\AppData\Local\Programs\MiKTeX\tex/generic/pgf/modules\pgfmodule
matrix.code.tex
File: pgfmodulematrix.code.tex 2020/12/27 v3.1.8b (3.1.8b)
\pgfmatrixcurrentrow=\count307
\pgfmatrixcurrentcolumn=\count308
\pgf@matrix@numberofcolumns=\count309
)
\tikz@expandcount=\count310

(C:\Users\aruns\AppData\Local\Programs\MiKTeX\tex/generic/pgf/frontendlayer/tik
z/libraries\tikzlibrarytopaths.code.tex
File: tikzlibrarytopaths.code.tex 2020/12/27 v3.1.8b (3.1.8b)
)))
(C:\Users\aruns\AppData\Local\Programs\MiKTeX\tex/generic/pgf/frontendlayer/tik
z/libraries\tikzlibraryshapes.geometric.code.tex
File: tikzlibraryshapes.geometric.code.tex 2020/12/27 v3.1.8b (3.1.8b)

(C:\Users\aruns\AppData\Local\Programs\MiKTeX\tex/generic/pgf/libraries/shapes\
pgflibraryshapes.geometric.code.tex
File: pgflibraryshapes.geometric.code.tex 2020/12/27 v3.1.8b (3.1.8b)
))
(C:\Users\aruns\AppData\Local\Programs\MiKTeX\tex/generic/pgf/frontendlayer/tik
z/libraries\tikzlibraryarrows.code.tex
File: tikzlibraryarrows.code.tex 2020/12/27 v3.1.8b (3.1.8b)

(C:\Users\aruns\AppData\Local\Programs\MiKTeX\tex/generic/pgf/libraries\pgflibr
aryarrows.code.tex
File: pgflibraryarrows.code.tex 2020/12/27 v3.1.8b (3.1.8b)
\arrowsize=\dimen303
))
(C:\Users\aruns\AppData\Local\Programs\MiKTeX\tex/latex/titling\titling.sty
Package: titling 2009/09/04 v2.1d maketitle typesetting
\thanksmarkwidth=\skip70
\thanksmargin=\skip71
\droptitle=\skip72
)
(Master_thesis.aux

LaTeX Warning: Label `fig:1mm' multiply defined.


LaTeX Warning: Label `sub@fig:1mm' multiply defined.


LaTeX Warning: Label `fig:0.5mm' multiply defined.


LaTeX Warning: Label `sub@fig:0.5mm' multiply defined.


LaTeX Warning: Label `fig:0.25mm' multiply defined.


LaTeX Warning: Label `sub@fig:0.25mm' multiply defined.


LaTeX Warning: Label `fig:d2-1' multiply defined.


LaTeX Warning: Label `sub@fig:d2-1' multiply defined.


LaTeX Warning: Label `fig:d2-0.5' multiply defined.


LaTeX Warning: Label `sub@fig:d2-0.5' multiply defined.


LaTeX Warning: Label `fig:d2-0.25' multiply defined.


LaTeX Warning: Label `sub@fig:d2-0.25' multiply defined.

)
\openout1 = `Master_thesis.aux'.

LaTeX Font Info:    Checking defaults for OML/cmm/m/it on input line 55.
LaTeX Font Info:    ... okay on input line 55.
LaTeX Font Info:    Checking defaults for OMS/cmsy/m/n on input line 55.
LaTeX Font Info:    ... okay on input line 55.
LaTeX Font Info:    Checking defaults for OT1/cmr/m/n on input line 55.
LaTeX Font Info:    ... okay on input line 55.
LaTeX Font Info:    Checking defaults for T1/cmr/m/n on input line 55.
LaTeX Font Info:    ... okay on input line 55.
LaTeX Font Info:    Checking defaults for TS1/cmr/m/n on input line 55.
LaTeX Font Info:    ... okay on input line 55.
LaTeX Font Info:    Checking defaults for OMX/cmex/m/n on input line 55.
LaTeX Font Info:    ... okay on input line 55.
LaTeX Font Info:    Checking defaults for U/cmr/m/n on input line 55.
LaTeX Font Info:    ... okay on input line 55.

(C:\Users\aruns\AppData\Local\Programs\MiKTeX\tex/context/base/mkii\supp-pdf.mk
ii
[Loading MPS to PDF converter (version 2006.09.02).]
\scratchcounter=\count311
\scratchdimen=\dimen304
\scratchbox=\box69
\nofMPsegments=\count312
\nofMParguments=\count313
\everyMPshowfont=\toks40
\MPscratchCnt=\count314
\MPscratchDim=\dimen305
\MPnumerator=\count315
\makeMPintoPDFobject=\count316
\everyMPtoPDFconversion=\toks41
)
(C:\Users\aruns\AppData\Local\Programs\MiKTeX\tex/latex/epstopdf-pkg\epstopdf-b
ase.sty
Package: epstopdf-base 2020-01-24 v2.11 Base part for package epstopdf
Package epstopdf-base Info: Redefining graphics rule for `.eps' on input line 4
85.

(C:\Users\aruns\AppData\Local\Programs\MiKTeX\tex/latex/00miktex\epstopdf-sys.c
fg
File: epstopdf-sys.cfg 2021/03/18 v2.0 Configuration of epstopdf for MiKTeX
))
Package caption Info: Begin \AtBeginDocument code.
Package caption Info: End \AtBeginDocument code.

*geometry* driver: auto-detecting
*geometry* detected driver: pdftex
*geometry* verbose mode - [ preamble ] result:
* driver: pdftex
* paper: a4paper
* layout: <same size as paper>
* layoutoffset:(h,v)=(0.0pt,0.0pt)
* modes: 
* h-part:(L,W,R)=(79.49744pt, 438.513pt, 79.49744pt)
* v-part:(T,H,B)=(72.26999pt, 693.27942pt, 79.49744pt)
* \paperwidth=597.50787pt
* \paperheight=845.04684pt
* \textwidth=438.513pt
* \textheight=693.27942pt
* \oddsidemargin=7.22745pt
* \evensidemargin=7.22745pt
* \topmargin=-37.0pt
* \headheight=12.0pt
* \headsep=25.0pt
* \topskip=12.0pt
* \footskip=30.0pt
* \marginparwidth=35.0pt
* \marginparsep=10.0pt
* \columnsep=10.0pt
* \skip\footins=10.8pt plus 4.0pt minus 2.0pt
* \hoffset=0.0pt
* \voffset=0.0pt
* \mag=1000
* \@twocolumnfalse
* \@twosidefalse
* \@mparswitchfalse
* \@reversemarginfalse
* (1in=72.27pt=25.4mm, 1cm=28.453pt)


LaTeX Font Warning: Font shape `OT1/cmr/m/n' in size <18.06749> not available
(Font)              size <17.28> substituted on input line 56.

<logo.png, id=4, 1204.5pt x 1187.43625pt>
File: logo.png Graphic file (type png)
<use logo.png>
Package pdftex.def Info: logo.png  used on input line 56.
(pdftex.def)             Requested size: 170.71652pt x 168.28737pt.
[1

{C:/Users/aruns/AppData/Local/MiKTeX/pdftex/config/pdftex.map} <./logo.png>]
<composite plane.jpg, id=13, 2710.125pt x 1212.53pt>
File: composite plane.jpg Graphic file (type jpg)
<use composite plane.jpg>
Package pdftex.def Info: composite plane.jpg  used on input line 63.
(pdftex.def)             Requested size: 350.81174pt x 156.94986pt.

[2 <./composite plane.jpg>] [3]
LaTeX Font Info:    Trying to load font information for U+msa on input line 76.


(C:\Users\aruns\AppData\Local\Programs\MiKTeX\tex/latex/amsfonts\umsa.fd
File: umsa.fd 2013/01/14 v3.01 AMS symbols A
)
LaTeX Font Info:    Trying to load font information for U+msb on input line 76.


(C:\Users\aruns\AppData\Local\Programs\MiKTeX\tex/latex/amsfonts\umsb.fd
File: umsb.fd 2013/01/14 v3.01 AMS symbols B
)
<1. Damage.png, id=20, 366.77025pt x 365.56575pt>
File: 1. Damage.png Graphic file (type png)
<use 1. Damage.png>
Package pdftex.def Info: 1. Damage.png  used on input line 80.
(pdftex.def)             Requested size: 219.2565pt x 218.53789pt.

[4] [5 <./1. Damage.png>] [6]
<Damage2.png, id=34, 449.88075pt x 287.27325pt>
File: Damage2.png Graphic file (type png)
<use Damage2.png>
Package pdftex.def Info: Damage2.png  used on input line 129.
(pdftex.def)             Requested size: 350.81174pt x 224.01086pt.
<3. Damage_cylinder.png, id=35, 471.56175pt x 292.09125pt>
File: 3. Damage_cylinder.png Graphic file (type png)
<use 3. Damage_cylinder.png>
Package pdftex.def Info: 3. Damage_cylinder.png  used on input line 148.
(pdftex.def)             Requested size: 350.81174pt x 217.30739pt.
 [7 <./Damage2.png>]
Underfull \hbox (badness 10000) in paragraph at lines 156--157

 []


Underfull \hbox (badness 10000) in paragraph at lines 160--162

 []


Underfull \hbox (badness 10000) in paragraph at lines 165--167

 []

[8 <./3. Damage_cylinder.png>]
<4. Damage.png, id=47, 387.24675pt x 250.536pt>
File: 4. Damage.png Graphic file (type png)
<use 4. Damage.png>
Package pdftex.def Info: 4. Damage.png  used on input line 193.
(pdftex.def)             Requested size: 219.2565pt x 141.85509pt.
 [9]
Overfull \hbox (8.50041pt too wide) in paragraph at lines 214--215
[][]\OT1/cmr/m/n/12 If the dam-age state is isotropic then the ef-fec-tive stre
ss ten-sor of three-dimensional
 []

[10 <./4. Damage.png>]
Underfull \hbox (badness 10000) in paragraph at lines 217--219

 []


Overfull \hbox (4.52267pt too wide) in paragraph at lines 220--221
[][]\OT1/cmr/m/n/12 The in-crease in stress ef-fect caused by the net area re-d
uc-tion in case of anisotropic
 []


Underfull \hbox (badness 10000) in paragraph at lines 231--232

 []


Overfull \hbox (14.06482pt too wide) in paragraph at lines 232--232
[]\OT1/cmr/bx/n/12 Symmetrized Ef-fec-tive Stress Ten-sor for Anisotropic Dam-a
ge 2 (Corde-
 []


Underfull \hbox (badness 10000) in paragraph at lines 237--239

 []

[11]
Underfull \hbox (badness 10000) in paragraph at lines 253--259

 []


Underfull \hbox (badness 10000) in paragraph at lines 253--259

 []


Underfull \hbox (badness 10000) in paragraph at lines 275--277

 []


Underfull \hbox (badness 10000) in paragraph at lines 282--286

 []

[12]
<6. Strain_eq.png, id=64, 481.8pt x 233.07076pt>
File: 6. Strain_eq.png Graphic file (type png)
<use 6. Strain_eq.png>
Package pdftex.def Info: 6. Strain_eq.png  used on input line 322.
(pdftex.def)             Requested size: 350.81174pt x 169.7099pt.
 [13]
Underfull \hbox (badness 10000) in paragraph at lines 342--343

 []

[14 <./6. Strain_eq.png>]
Underfull \hbox (badness 10000) in paragraph at lines 367--369

 []


Underfull \hbox (badness 10000) in paragraph at lines 371--373

 []


Underfull \hbox (badness 10000) in paragraph at lines 375--379

 []


Underfull \hbox (badness 10000) in paragraph at lines 381--383

 []

<7.Strain_energy_eq.png, id=74, 570.33075pt x 260.77425pt>
File: 7.Strain_energy_eq.png Graphic file (type png)
<use 7.Strain_energy_eq.png>
Package pdftex.def Info: 7.Strain_energy_eq.png  used on input line 390.
(pdftex.def)             Requested size: 350.81174pt x 160.40504pt.

Underfull \hbox (badness 10000) in paragraph at lines 396--398

 []

[15 <./7.Strain_energy_eq.png>]
Underfull \hbox (badness 10000) in paragraph at lines 400--404

 []


Underfull \hbox (badness 10000) in paragraph at lines 406--408

 []


Underfull \hbox (badness 10000) in paragraph at lines 410--412

 []


Underfull \hbox (badness 10000) in paragraph at lines 414--416

 []


Underfull \hbox (badness 10000) in paragraph at lines 419--423

 []


Underfull \hbox (badness 10000) in paragraph at lines 426--429

 []


Underfull \hbox (badness 10000) in paragraph at lines 431--435

 []


Underfull \hbox (badness 10000) in paragraph at lines 437--439

 []

[16]
Underfull \hbox (badness 10000) in paragraph at lines 467--468

 []

[17]
Underfull \hbox (badness 10000) in paragraph at lines 493--494

 []

[18]
<9.Usermat_input.png, id=89, 747.9945pt x 581.17125pt>
File: 9.Usermat_input.png Graphic file (type png)
<use 9.Usermat_input.png>
Package pdftex.def Info: 9.Usermat_input.png  used on input line 520.
(pdftex.def)             Requested size: 394.65901pt x 306.64476pt.
 [19]
Overfull \hbox (57.11244pt too wide) in paragraph at lines 532--533
[]\OT1/cmr/m/n/12 Go to "Con-trol Panel$\OML/cmm/m/it/12 >$\OT1/cmr/m/n/12 Sear
ch System$\OML/cmm/m/it/12 >$\OT1/cmr/m/n/12 Edit the sys-tem en-vi-ron-ment va
riables$\OML/cmm/m/it/12 >$\OT1/cmr/m/n/12 Environment
 []

[20 <./9.Usermat_input.png>]
LaTeX Font Info:    Trying to load font information for OMS+cmtt on input line 
534.
LaTeX Font Info:    No file OMScmtt.fd. on input line 534.


LaTeX Font Warning: Font shape `OMS/cmtt/m/n' undefined
(Font)              using `OMS/cmsy/m/n' instead
(Font)              for symbol `textbackslash' on input line 534.


Underfull \hbox (badness 10000) in paragraph at lines 540--541

 []

[21]
<12.Tb.png, id=101, 209.583pt x 175.857pt>
File: 12.Tb.png Graphic file (type png)
<use 12.Tb.png>
Package pdftex.def Info: 12.Tb.png  used on input line 574.
(pdftex.def)             Requested size: 131.55524pt x 110.3853pt.

Underfull \hbox (badness 10000) in paragraph at lines 547--579

 []


Underfull \hbox (badness 10000) in paragraph at lines 547--579

 []


Underfull \hbox (badness 10000) in paragraph at lines 547--579

 []


Underfull \hbox (badness 10000) in paragraph at lines 547--579

 []


Underfull \hbox (badness 10000) in paragraph at lines 547--579

 []


Underfull \hbox (badness 10000) in paragraph at lines 547--579

 []


Underfull \hbox (badness 10000) in paragraph at lines 547--579

 []


Underfull \hbox (badness 10000) in paragraph at lines 547--579

 []


Underfull \hbox (badness 10000) in paragraph at lines 547--579

 []

[22 <./12.Tb.png>]
<13.Timehist.png, id=106, 895.54575pt x 422.7795pt>
File: 13.Timehist.png Graphic file (type png)
<use 13.Timehist.png>
Package pdftex.def Info: 13.Timehist.png  used on input line 587.
(pdftex.def)             Requested size: 350.81174pt x 165.6123pt.
 [23 <./13.Timehist.png>] [24]
Overfull \hbox (1.3249pt too wide) in paragraph at lines 604--604
[]\OT1/cmr/bx/n/14.4 Mechanisms of dam-age and fail-ure in fi-bre re-in-forced 
com-
 []

[25

]
<5. FRP failure.png, id=118, 635.37375pt x 303.534pt>
File: 5. FRP failure.png Graphic file (type png)
<use 5. FRP failure.png>
Package pdftex.def Info: 5. FRP failure.png  used on input line 614.
(pdftex.def)             Requested size: 306.95775pt x 146.64412pt.
 [26 <./5. FRP failure.png>]
Underfull \hbox (badness 10000) in paragraph at lines 652--654

 []

[27]
Underfull \hbox (badness 10000) in paragraph at lines 679--681

 []


Underfull \hbox (badness 10000) in paragraph at lines 679--681

 []


Underfull \hbox (badness 10000) in paragraph at lines 683--684

 []


Underfull \hbox (badness 10000) in paragraph at lines 685--687

 []


LaTeX Font Warning: Command \large invalid in math mode on input line 688.

[28]
LaTeX Font Info:    Calculating math sizes for size <> on input line 697.


LaTeX Font Warning: Font shape `OT1/cmr/m/n' in size <> not available
(Font)              size <5> substituted on input line 697.


LaTeX Font Warning: Font shape `OT1/cmr/m/n' in size <0.7> not available
(Font)              size <5> substituted on input line 697.


LaTeX Font Warning: Font shape `OT1/cmr/m/n' in size <0.5> not available
(Font)              size <5> substituted on input line 697.


LaTeX Font Warning: Font shape `OML/cmm/m/it' in size <> not available
(Font)              size <5> substituted on input line 697.


LaTeX Font Warning: Font shape `OML/cmm/m/it' in size <0.7> not available
(Font)              size <5> substituted on input line 697.


LaTeX Font Warning: Font shape `OML/cmm/m/it' in size <0.5> not available
(Font)              size <5> substituted on input line 697.


LaTeX Font Warning: Font shape `OMS/cmsy/m/n' in size <> not available
(Font)              size <5> substituted on input line 697.


LaTeX Font Warning: Font shape `OMS/cmsy/m/n' in size <0.7> not available
(Font)              size <5> substituted on input line 697.


LaTeX Font Warning: Font shape `OMS/cmsy/m/n' in size <0.5> not available
(Font)              size <5> substituted on input line 697.


Underfull \hbox (badness 10000) in paragraph at lines 697--702

 []


Underfull \hbox (badness 10000) in paragraph at lines 697--702

 []


LaTeX Font Warning: Command \large invalid in math mode on input line 703.


Underfull \hbox (badness 10000) in paragraph at lines 715--720

 []


Underfull \hbox (badness 10000) in paragraph at lines 715--720

 []


LaTeX Font Warning: Command \large invalid in math mode on input line 721.


LaTeX Font Warning: Command \LARGE invalid in math mode on input line 735.


Underfull \hbox (badness 10000) in paragraph at lines 732--736

 []


Underfull \hbox (badness 10000) in paragraph at lines 737--742

 []


Underfull \hbox (badness 10000) in paragraph at lines 737--742

 []


LaTeX Font Warning: Command \large invalid in math mode on input line 743.


Underfull \hbox (badness 10000) in paragraph at lines 750--755

 []


Underfull \hbox (badness 10000) in paragraph at lines 750--755

 []

[29]

LaTeX Font Warning: Command \large invalid in math mode on input line 756.


Underfull \hbox (badness 10000) in paragraph at lines 762--767

 []


Underfull \hbox (badness 10000) in paragraph at lines 762--767

 []


LaTeX Font Warning: Command \large invalid in math mode on input line 768.


Underfull \hbox (badness 10000) in paragraph at lines 774--779

 []


Underfull \hbox (badness 10000) in paragraph at lines 774--779

 []


Underfull \hbox (badness 10000) in paragraph at lines 780--785

 []


Underfull \hbox (badness 10000) in paragraph at lines 780--785

 []


LaTeX Font Warning: Command \large invalid in math mode on input line 786.


Underfull \hbox (badness 10000) in paragraph at lines 794--799

 []


Underfull \hbox (badness 10000) in paragraph at lines 794--799

 []


LaTeX Font Warning: Command \large invalid in math mode on input line 800.

[30]
Underfull \hbox (badness 10000) in paragraph at lines 808--812

 []

<8.Types_of_damage_evolution.png, id=139, 468.5505pt x 287.8755pt>
File: 8.Types_of_damage_evolution.png Graphic file (type png)
<use 8.Types_of_damage_evolution.png>
Package pdftex.def Info: 8.Types_of_damage_evolution.png  used on input line 81
8.
(pdftex.def)             Requested size: 306.95775pt x 188.59715pt.

Underfull \hbox (badness 10000) in paragraph at lines 826--828

 []


Underfull \hbox (badness 10000) in paragraph at lines 826--828

 []

[31 <./8.Types_of_damage_evolution.png>]

LaTeX Font Warning: Command \large invalid in math mode on input line 829.


Underfull \hbox (badness 10000) in paragraph at lines 831--834

 []


LaTeX Font Warning: Command \large invalid in math mode on input line 835.


Underfull \hbox (badness 10000) in paragraph at lines 836--838

 []


LaTeX Font Warning: Command \large invalid in math mode on input line 839.


Underfull \hbox (badness 10000) in paragraph at lines 840--843

 []


LaTeX Font Warning: Command \large invalid in math mode on input line 844.


LaTeX Font Warning: Command \large invalid in math mode on input line 848.


LaTeX Font Warning: Command \large invalid in math mode on input line 852.


Underfull \hbox (badness 10000) in paragraph at lines 857--858

 []

[32]
Underfull \hbox (badness 10000) in paragraph at lines 868--871

 []


Underfull \hbox (badness 10000) in paragraph at lines 877--878

 []


LaTeX Font Warning: Command \large invalid in math mode on input line 892.


LaTeX Font Warning: Command \large invalid in math mode on input line 896.

[33]
Underfull \hbox (badness 10000) in paragraph at lines 906--911

 []

[34]
Underfull \hbox (badness 10000) in paragraph at lines 932--933

 []


LaTeX Warning: Reference `eqn:d1' on page 35 undefined on input line 948.


LaTeX Warning: Reference `eqn:d3' on page 35 undefined on input line 948.

[35]

LaTeX Warning: Reference `eqn:d1' on page 36 undefined on input line 968.


LaTeX Warning: Reference `eqn:d3' on page 36 undefined on input line 968.

[36] [37]
Overfull \hbox (1.77272pt too wide) in paragraph at lines 980--981
[][]\OT1/cmr/m/n/12 The flowchart be-low shows the schematic of the user ma-te-
rial sub-rou-tine (USER-
 []


Underfull \hbox (badness 10000) in paragraph at lines 980--981

 []

[38]
<14.Linear_SvsE.png, id=167, 1240.635pt x 902.37125pt>
File: 14.Linear_SvsE.png Graphic file (type png)
<use 14.Linear_SvsE.png>
Package pdftex.def Info: 14.Linear_SvsE.png  used on input line 1024.
(pdftex.def)             Requested size: 284.52603pt x 206.94894pt.
 [39 <./14.Linear_SvsE.png (PNG copy)>]
<15.Ansys_SX.png, id=171, 576.9555pt x 425.1885pt>
File: 15.Ansys_SX.png Graphic file (type png)
<use 15.Ansys_SX.png>
Package pdftex.def Info: 15.Ansys_SX.png  used on input line 1077.
(pdftex.def)             Requested size: 236.15712pt x 174.03645pt.

Overfull \hbox (60.75461pt too wide) in paragraph at lines 1077--1078
[][] 
 []

<18.User_SX.png, id=172, 581.7735pt x 425.79076pt>
File: 18.User_SX.png Graphic file (type png)
<use 18.User_SX.png>
Package pdftex.def Info: 18.User_SX.png  used on input line 1083.
(pdftex.def)             Requested size: 236.15848pt x 172.84062pt.

Overfull \hbox (60.75597pt too wide) in paragraph at lines 1083--1084
[][] 
 []

<16.Ansys_SY.png, id=173, 559.49025pt x 422.7795pt>
File: 16.Ansys_SY.png Graphic file (type png)
<use 16.Ansys_SY.png>
Package pdftex.def Info: 16.Ansys_SY.png  used on input line 1091.
(pdftex.def)             Requested size: 236.15388pt x 178.44997pt.

Overfull \hbox (60.75137pt too wide) in paragraph at lines 1091--1092
[][] 
 []

<19.User_SY.png, id=174, 576.9555pt x 425.1885pt>
File: 19.User_SY.png Graphic file (type png)
<use 19.User_SY.png>
Package pdftex.def Info: 19.User_SY.png  used on input line 1097.
(pdftex.def)             Requested size: 236.15712pt x 174.03645pt.

Overfull \hbox (60.75461pt too wide) in paragraph at lines 1097--1098
[][] 
 []

[40 <./15.Ansys_SX.png> <./18.User_SX.png>]
<17.Ansys_SZ.png, id=180, 571.53525pt x 424.58624pt>
File: 17.Ansys_SZ.png Graphic file (type png)
<use 17.Ansys_SZ.png>
Package pdftex.def Info: 17.Ansys_SZ.png  used on input line 1105.
(pdftex.def)             Requested size: 236.15363pt x 175.43552pt.

Overfull \hbox (60.75111pt too wide) in paragraph at lines 1105--1106
[][] 
 []

<20.User_SZ.png, id=181, 572.1375pt x 423.984pt>
File: 20.User_SZ.png Graphic file (type png)
<use 20.User_SZ.png>
Package pdftex.def Info: 20.User_SZ.png  used on input line 1111.
(pdftex.def)             Requested size: 236.15804pt x 175.00552pt.

Overfull \hbox (60.75552pt too wide) in paragraph at lines 1111--1112
[][] 
 []

[41 <./16.Ansys_SY.png> <./19.User_SY.png> <./17.Ansys_SZ.png> <./20.User_SZ.pn
g>]
<21.StressvsStrain_Ansys.png, id=189, 1240.635pt x 906.38625pt>
File: 21.StressvsStrain_Ansys.png Graphic file (type png)
<use 21.StressvsStrain_Ansys.png>
Package pdftex.def Info: 21.StressvsStrain_Ansys.png  used on input line 1135.
(pdftex.def)             Requested size: 236.1585pt x 172.53326pt.

Overfull \hbox (60.75598pt too wide) in paragraph at lines 1135--1136
[][] 
 []

<21.StressvsStrain_Octave.png, id=190, 1240.635pt x 902.37125pt>
File: 21.StressvsStrain_Octave.png Graphic file (type png)
<use 21.StressvsStrain_Octave.png>
Package pdftex.def Info: 21.StressvsStrain_Octave.png  used on input line 1141.

(pdftex.def)             Requested size: 236.1585pt x 171.769pt.

Overfull \hbox (60.75598pt too wide) in paragraph at lines 1141--1142
[][] 
 []

<21.d1,d2,d3.png, id=191, 1240.635pt x 902.37125pt>
File: 21.d1,d2,d3.png Graphic file (type png)
<use 21.d1,d2,d3.png>
Package pdftex.def Info: 21.d1,d2,d3.png  used on input line 1151.
(pdftex.def)             Requested size: 236.1585pt x 171.769pt.
[42 <./21.StressvsStrain_Ansys.png (PNG copy)> <./21.StressvsStrain_Octave.png 
(PNG copy)>]
<21.P_damage.png, id=195, 1240.635pt x 902.37125pt>
File: 21.P_damage.png Graphic file (type png)
<use 21.P_damage.png>
Package pdftex.def Info: 21.P_damage.png  used on input line 1160.
(pdftex.def)             Requested size: 263.11047pt x 191.36238pt.
<22.Convergence_error.png, id=196, 442.0515pt x 290.2845pt>
File: 22.Convergence_error.png Graphic file (type png)
<use 22.Convergence_error.png>
Package pdftex.def Info: 22.Convergence_error.png  used on input line 1172.
(pdftex.def)             Requested size: 263.11047pt x 172.78564pt.
 [43 <./21.d1,d2,d3.png (PNG copy)> <./21.P_damage.png (PNG copy)>]
<22.StressvsStrain_Ansys.png, id=201, 1240.635pt x 906.38625pt>
File: 22.StressvsStrain_Ansys.png Graphic file (type png)
<use 22.StressvsStrain_Ansys.png>
Package pdftex.def Info: 22.StressvsStrain_Ansys.png  used on input line 1185.
(pdftex.def)             Requested size: 236.1585pt x 172.53326pt.

Overfull \hbox (60.75598pt too wide) in paragraph at lines 1185--1186
[][] 
 []

<22.StressvsStrain_Octave.png, id=202, 1240.635pt x 902.37125pt>
File: 22.StressvsStrain_Octave.png Graphic file (type png)
<use 22.StressvsStrain_Octave.png>
Package pdftex.def Info: 22.StressvsStrain_Octave.png  used on input line 1191.

(pdftex.def)             Requested size: 236.1585pt x 171.769pt.

Overfull \hbox (60.75598pt too wide) in paragraph at lines 1191--1192
[][] 
 []

[44 <./22.Convergence_error.png>]
<22.d1,d2,d3.png, id=207, 1240.635pt x 902.37125pt>
File: 22.d1,d2,d3.png Graphic file (type png)
<use 22.d1,d2,d3.png>
Package pdftex.def Info: 22.d1,d2,d3.png  used on input line 1200.
(pdftex.def)             Requested size: 236.1585pt x 171.769pt.

Overfull \hbox (60.75598pt too wide) in paragraph at lines 1200--1201
[][] 
 []

<22.V_damage.png, id=208, 1240.635pt x 902.37125pt>
File: 22.V_damage.png Graphic file (type png)
<use 22.V_damage.png>
Package pdftex.def Info: 22.V_damage.png  used on input line 1211.
(pdftex.def)             Requested size: 263.11047pt x 191.36238pt.
[45 <./22.StressvsStrain_Ansys.png (PNG copy)> <./22.StressvsStrain_Octave.png 
(PNG copy)> <./22.d1,d2,d3.png (PNG copy)>]
<22.e11vse22e33_ATS.png, id=212, 1240.635pt x 902.37125pt>
File: 22.e11vse22e33_ATS.png Graphic file (type png)
<use 22.e11vse22e33_ATS.png>
Package pdftex.def Info: 22.e11vse22e33_ATS.png  used on input line 1231.
(pdftex.def)             Requested size: 236.1585pt x 171.769pt.

Overfull \hbox (60.75598pt too wide) in paragraph at lines 1231--1232
[][] 
 []

<22.e11vse22e33_NT.png, id=213, 1240.635pt x 902.37125pt>
File: 22.e11vse22e33_NT.png Graphic file (type png)
<use 22.e11vse22e33_NT.png>
Package pdftex.def Info: 22.e11vse22e33_NT.png  used on input line 1237.
(pdftex.def)             Requested size: 236.1585pt x 171.769pt.

Overfull \hbox (60.75598pt too wide) in paragraph at lines 1237--1238
[][] 
 []

[46 <./22.V_damage.png (PNG copy)>]
<23.S11vsE11.png, id=217, 953.5625pt x 711.65875pt>
File: 23.S11vsE11.png Graphic file (type png)
<use 23.S11vsE11.png>
Package pdftex.def Info: 23.S11vsE11.png  used on input line 1251.
(pdftex.def)             Requested size: 236.1493pt x 176.24196pt.

Overfull \hbox (60.7468pt too wide) in paragraph at lines 1251--1252
[][] 
 []

<23.d1.png, id=218, 953.5625pt x 711.65875pt>
File: 23.d1.png Graphic file (type png)
<use 23.d1.png>
Package pdftex.def Info: 23.d1.png  used on input line 1258.
(pdftex.def)             Requested size: 219.25313pt x 163.62376pt.

Overfull \hbox (43.85062pt too wide) in paragraph at lines 1258--1259
[][] 
 []

<23.S22vsE22.png, id=219, 953.5625pt x 711.65875pt>
File: 23.S22vsE22.png Graphic file (type png)
<use 23.S22vsE22.png>
Package pdftex.def Info: 23.S22vsE22.png  used on input line 1266.
(pdftex.def)             Requested size: 236.1493pt x 176.24196pt.

Overfull \hbox (60.7468pt too wide) in paragraph at lines 1266--1267
[][] 
 []

<23.d2.png, id=220, 953.5625pt x 711.65875pt>
File: 23.d2.png Graphic file (type png)
<use 23.d2.png>
Package pdftex.def Info: 23.d2.png  used on input line 1273.
(pdftex.def)             Requested size: 236.1493pt x 176.24196pt.

Overfull \hbox (60.7468pt too wide) in paragraph at lines 1273--1274
 [][] 
 []

[47 <./22.e11vse22e33_ATS.png (PNG copy)> <./22.e11vse22e33_NT.png (PNG copy)> 
<./23.S11vsE11.png (PNG copy)> <./23.d1.png (PNG copy)>]
<24.S11vsE11.png, id=224, 1240.635pt x 902.37125pt>
File: 24.S11vsE11.png Graphic file (type png)
<use 24.S11vsE11.png>
Package pdftex.def Info: 24.S11vsE11.png  used on input line 1290.
(pdftex.def)             Requested size: 236.1585pt x 171.769pt.

Overfull \hbox (60.75598pt too wide) in paragraph at lines 1290--1291
[][] 
 []

<24.d1.png, id=225, 1240.635pt x 902.37125pt>
File: 24.d1.png Graphic file (type png)
<use 24.d1.png>
Package pdftex.def Info: 24.d1.png  used on input line 1297.
(pdftex.def)             Requested size: 236.1585pt x 171.769pt.

Overfull \hbox (60.75598pt too wide) in paragraph at lines 1297--1298
[][] 
 []

<24.S22vsE22.png, id=226, 1240.635pt x 902.37125pt>
File: 24.S22vsE22.png Graphic file (type png)
<use 24.S22vsE22.png>
Package pdftex.def Info: 24.S22vsE22.png  used on input line 1305.
(pdftex.def)             Requested size: 236.1585pt x 171.769pt.

Overfull \hbox (60.75598pt too wide) in paragraph at lines 1305--1306
[][] 
 []

<24.d2.png, id=227, 1240.635pt x 902.37125pt>
File: 24.d2.png Graphic file (type png)
<use 24.d2.png>
Package pdftex.def Info: 24.d2.png  used on input line 1312.
(pdftex.def)             Requested size: 236.1585pt x 171.769pt.

Overfull \hbox (60.75598pt too wide) in paragraph at lines 1312--1313
 [][] 
 []

[48 <./23.S22vsE22.png (PNG copy)> <./23.d2.png (PNG copy)> <./24.S11vsE11.png 
(PNG copy)> <./24.d1.png (PNG copy)>]
<24.S33vsE33.png, id=231, 1240.635pt x 902.37125pt>
File: 24.S33vsE33.png Graphic file (type png)
<use 24.S33vsE33.png>
Package pdftex.def Info: 24.S33vsE33.png  used on input line 1320.
(pdftex.def)             Requested size: 236.1585pt x 171.769pt.

Overfull \hbox (60.75598pt too wide) in paragraph at lines 1320--1321
[][] 
 []

File: 24.d2.png Graphic file (type png)
<use 24.d2.png>
Package pdftex.def Info: 24.d2.png  used on input line 1326.
(pdftex.def)             Requested size: 236.1585pt x 171.769pt.

Overfull \hbox (60.75598pt too wide) in paragraph at lines 1326--1327
[][] 
 []

[49 <./24.S22vsE22.png (PNG copy)> <./24.d2.png (PNG copy)> <./24.S33vsE33.png 
(PNG copy)>]
<25.Geometry.jpg, id=236, 502.87875pt x 541.27219pt>
File: 25.Geometry.jpg Graphic file (type jpg)
<use 25.Geometry.jpg>
Package pdftex.def Info: 25.Geometry.jpg  used on input line 1392.
(pdftex.def)             Requested size: 263.11047pt x 283.19757pt.
 [50]
<25.1mm2.png, id=240, 406.51875pt x 598.48593pt>
File: 25.1mm2.png Graphic file (type png)
<use 25.1mm2.png>
Package pdftex.def Info: 25.1mm2.png  used on input line 1402.
(pdftex.def)             Requested size: 136.1597pt x 200.45065pt.

Overfull \hbox (17.75932pt too wide) in paragraph at lines 1402--1403
[][] 
 []

<25.0.5mm2.png, id=241, 450.9347pt x 608.2725pt>
File: 25.0.5mm2.png Graphic file (type png)
<use 25.0.5mm2.png>
Package pdftex.def Info: 25.0.5mm2.png  used on input line 1408.
(pdftex.def)             Requested size: 150.36897pt x 202.83745pt.

Overfull \hbox (31.9686pt too wide) in paragraph at lines 1408--1409
[][] 
 []

<25.0.25mm2.png, id=242, 453.19313pt x 604.50844pt>
File: 25.0.25mm2.png Graphic file (type png)
<use 25.0.25mm2.png>
Package pdftex.def Info: 25.0.25mm2.png  used on input line 1414.
(pdftex.def)             Requested size: 150.36897pt x 200.57683pt.

Overfull \hbox (31.9686pt too wide) in paragraph at lines 1414--1415
[][] 
 []

[51 <./25.Geometry.jpg>]
<25.FvsD.png, id=246, 1240.635pt x 902.37125pt>
File: 25.FvsD.png Graphic file (type png)
<use 25.FvsD.png>
Package pdftex.def Info: 25.FvsD.png  used on input line 1425.
(pdftex.def)             Requested size: 252.58151pt x 183.70677pt.

Overfull \hbox (55.25201pt too wide) in paragraph at lines 1425--1426
[][] 
 []

<25.FvsD2.png, id=247, 1240.635pt x 902.37125pt>
File: 25.FvsD2.png Graphic file (type png)
<use 25.FvsD2.png>
Package pdftex.def Info: 25.FvsD2.png  used on input line 1431.
(pdftex.def)             Requested size: 256.52895pt x 186.5845pt.

Overfull \hbox (59.19945pt too wide) in paragraph at lines 1431--1432
[][] 
 []

<25.d1-1-r.png, id=248, 616.10175pt x 500.46976pt>
File: 25.d1-1-r.png Graphic file (type png)
<use 25.d1-1-r.png>
Package pdftex.def Info: 25.d1-1-r.png  used on input line 1444.
(pdftex.def)             Requested size: 236.1517pt x 191.82997pt.

Overfull \hbox (60.74919pt too wide) in paragraph at lines 1444--1445
[][] 
 []

<25.d1-1-nr.png, id=249, 581.17125pt x 470.35725pt>
File: 25.d1-1-nr.png Graphic file (type png)
<use 25.d1-1-nr.png>
Package pdftex.def Info: 25.d1-1-nr.png  used on input line 1451.
(pdftex.def)             Requested size: 236.16231pt x 191.1324pt.

Overfull \hbox (60.7598pt too wide) in paragraph at lines 1451--1452
[][] 
 []

[52 <./25.1mm2.png> <./25.0.5mm2.png> <./25.0.25mm2.png> <./25.FvsD.png (PNG co
py)> <./25.FvsD2.png (PNG copy)>]
<25.d1-0.5-r.png, id=253, 596.2275pt x 488.42474pt>
File: 25.d1-0.5-r.png Graphic file (type png)
<use 25.d1-0.5-r.png>
Package pdftex.def Info: 25.d1-0.5-r.png  used on input line 1459.
(pdftex.def)             Requested size: 236.15776pt x 193.45853pt.

Overfull \hbox (60.75525pt too wide) in paragraph at lines 1459--1460
[][] 
 []

<25.d1-0.5-nr.png, id=254, 620.3175pt x 504.6855pt>
File: 25.d1-0.5-nr.png Graphic file (type png)
<use 25.d1-0.5-nr.png>
Package pdftex.def Info: 25.d1-0.5-nr.png  used on input line 1465.
(pdftex.def)             Requested size: 236.15851pt x 192.13672pt.

Overfull \hbox (60.756pt too wide) in paragraph at lines 1465--1466
[][] 
 []

<25.d1-0.25-r.png, id=255, 590.205pt x 487.22025pt>
File: 25.d1-0.25-r.png Graphic file (type png)
<use 25.d1-0.25-r.png>
Package pdftex.def Info: 25.d1-0.25-r.png  used on input line 1473.
(pdftex.def)             Requested size: 236.14986pt x 194.94412pt.

Overfull \hbox (60.74734pt too wide) in paragraph at lines 1473--1474
[][] 
 []

<25.d1-0.25-nr.png, id=256, 635.976pt x 513.117pt>
File: 25.d1-0.25-nr.png Graphic file (type png)
<use 25.d1-0.25-nr.png>
Package pdftex.def Info: 25.d1-0.25-nr.png  used on input line 1479.
(pdftex.def)             Requested size: 236.1517pt x 190.53148pt.

Overfull \hbox (60.74919pt too wide) in paragraph at lines 1479--1480
[][] 
 []

[53 <./25.d1-1-r.png> <./25.d1-1-nr.png> <./25.d1-0.5-r.png> <./25.d1-0.5-nr.pn
g>]
<25.d2-1.png, id=264, 612.48825pt x 492.6405pt>
File: 25.d2-1.png Graphic file (type png)
<use 25.d2-1.png>
Package pdftex.def Info: 25.d2-1.png  used on input line 1491.
(pdftex.def)             Requested size: 236.14983pt x 189.94154pt.

Overfull \hbox (60.74731pt too wide) in paragraph at lines 1491--1492
[][] 
 []

<25.d2-0.5.png, id=265, 605.8635pt x 497.4585pt>
File: 25.d2-0.5.png Graphic file (type png)
<use 25.d2-0.5.png>
Package pdftex.def Info: 25.d2-0.5.png  used on input line 1497.
(pdftex.def)             Requested size: 236.15639pt x 193.90176pt.

Overfull \hbox (60.75388pt too wide) in paragraph at lines 1497--1498
[][] 
 []

<25.d2-0.25.png, id=266, 626.94225pt x 504.6855pt>
File: 25.d2-0.25.png Graphic file (type png)
<use 25.d2-0.25.png>
Package pdftex.def Info: 25.d2-0.25.png  used on input line 1505.
(pdftex.def)             Requested size: 241.84705pt x 194.6857pt.

Overfull \hbox (66.44453pt too wide) in paragraph at lines 1505--1506
[][] 
 []

[54 <./25.d1-0.25-r.png> <./25.d1-0.25-nr.png> <./25.d2-1.png> <./25.d2-0.5.png
>]
<25.Strength.png, id=274, 1240.635pt x 902.37125pt>
File: 25.Strength.png Graphic file (type png)
<use 25.Strength.png>
Package pdftex.def Info: 25.Strength.png  used on input line 1516.
(pdftex.def)             Requested size: 306.95775pt x 223.26529pt.
 [55 <./25.d2-0.25.png> <./25.Strength.png (PNG copy)>]
<26.Geometry.jpg, id=280, 740.0147pt x 436.63126pt>
File: 26.Geometry.jpg Graphic file (type jpg)
<use 26.Geometry.jpg>
Package pdftex.def Info: 26.Geometry.jpg  used on input line 1527.
(pdftex.def)             Requested size: 350.81174pt x 206.98892pt.
<26.h=1mm.png, id=281, 744.53156pt x 357.58594pt>
File: 26.h=1mm.png Graphic file (type png)
<use 26.h=1mm.png>
Package pdftex.def Info: 26.h=1mm.png  used on input line 1536.
(pdftex.def)             Requested size: 213.39792pt x 102.49141pt.

Overfull \hbox (59.9157pt too wide) in paragraph at lines 1536--1537
[][] 
 []

<26.h=0.5mm.png, id=282, 746.79pt x 359.09157pt>
File: 26.h=0.5mm.png Graphic file (type png)
<use 26.h=0.5mm.png>
Package pdftex.def Info: 26.h=0.5mm.png  used on input line 1542.
(pdftex.def)             Requested size: 221.93063pt x 106.71463pt.

Overfull \hbox (68.44841pt too wide) in paragraph at lines 1542--1543
[][] 
 []


Underfull \hbox (badness 10000) in paragraph at lines 1533--1547

 []

[56 <./26.Geometry.jpg>]
<26.h=0.25mm.png, id=286, 748.29562pt x 356.0803pt>
File: 26.h=0.25mm.png Graphic file (type png)
<use 26.h=0.25mm.png>
Package pdftex.def Info: 26.h=0.25mm.png  used on input line 1551.
(pdftex.def)             Requested size: 213.39206pt x 101.5437pt.

Overfull \hbox (59.90984pt too wide) in paragraph at lines 1551--1552
[][] 
 []


Underfull \hbox (badness 1092) in paragraph at lines 1552--1552
[]\OT1/cmr/m/n/10.95 (c) |h=0.25mm, n= 4811 el-e-
 []

<26.FvsD.png, id=287, 1240.635pt x 902.37125pt>
File: 26.FvsD.png Graphic file (type png)
<use 26.FvsD.png>
Package pdftex.def Info: 26.FvsD.png  used on input line 1561.
(pdftex.def)             Requested size: 285.03076pt x 207.30695pt.
[57 <./26.h=1mm.png> <./26.h=0.5mm.png> <./26.h=0.25mm.png>]
<26.d1-1.png, id=291, 749.80125pt x 469.755pt>
File: 26.d1-1.png Graphic file (type png)
<use 26.d1-1.png>
Package pdftex.def Info: 26.d1-1.png  used on input line 1571.
(pdftex.def)             Requested size: 234.73563pt x 147.06328pt.

Overfull \hbox (59.33311pt too wide) in paragraph at lines 1571--1573
 [][] 
 []

<26.d2-1.png, id=292, 747.54282pt x 478.78876pt>
File: 26.d2-1.png Graphic file (type png)
<use 26.d2-1.png>
Package pdftex.def Info: 26.d2-1.png  used on input line 1580.
(pdftex.def)             Requested size: 236.15022pt x 151.25029pt.

Overfull \hbox (60.74771pt too wide) in paragraph at lines 1580--1582
 [][] 
 []

<26.d1-0.5.png, id=293, 755.82375pt x 488.57532pt>
File: 26.d1-0.5.png Graphic file (type png)
<use 26.d1-0.5.png>
Package pdftex.def Info: 26.d1-0.5.png  used on input line 1590.
(pdftex.def)             Requested size: 234.72966pt x 151.73262pt.

Overfull \hbox (59.32715pt too wide) in paragraph at lines 1590--1591
 [][] 
 []

<26.d2-0.5.png, id=294, 758.08218pt x 469.755pt>
File: 26.d2-0.5.png Graphic file (type png)
<use 26.d2-0.5.png>
Package pdftex.def Info: 26.d2-0.5.png  used on input line 1597.
(pdftex.def)             Requested size: 236.14821pt x 146.33217pt.

Overfull \hbox (60.7457pt too wide) in paragraph at lines 1597--1598
 [][] 
 []

<26.d1-0.25.png, id=295, 744.53156pt x 485.56406pt>
File: 26.d1-0.25.png Graphic file (type png)
<use 26.d1-0.25.png>
Package pdftex.def Info: 26.d1-0.25.png  used on input line 1606.
(pdftex.def)             Requested size: 236.15324pt x 154.01299pt.

Overfull \hbox (60.75073pt too wide) in paragraph at lines 1606--1607
 [][] 
 []

<26.d2-0.25.png, id=296, 740.7675pt x 472.76625pt>
File: 26.d2-0.25.png Graphic file (type png)
<use 26.d2-0.25.png>
Package pdftex.def Info: 26.d2-0.25.png  used on input line 1613.
(pdftex.def)             Requested size: 236.15749pt x 150.7184pt.

Overfull \hbox (60.75497pt too wide) in paragraph at lines 1613--1614
 [][] 
 []

[58 <./26.FvsD.png (PNG copy)> <./26.d1-1.png> <./26.d2-1.png> <./26.d1-0.5.png
> <./26.d2-0.5.png>]
<26.d1_tran_0.5.png, id=300, 732.48656pt x 474.27188pt>
File: 26.d1_tran_0.5.png Graphic file (type png)
<use 26.d1_tran_0.5.png>
Package pdftex.def Info: 26.d1_tran_0.5.png  used on input line 1626.
(pdftex.def)             Requested size: 236.15524pt x 152.90628pt.

Overfull \hbox (60.75273pt too wide) in paragraph at lines 1626--1627
 [][] 
 []

<26.d2_tran_0.5.png, id=301, 733.23938pt x 472.76625pt>
File: 26.d2_tran_0.5.png Graphic file (type png)
<use 26.d2_tran_0.5.png>
Package pdftex.def Info: 26.d2_tran_0.5.png  used on input line 1633.
(pdftex.def)             Requested size: 236.15181pt x 152.26215pt.

Overfull \hbox (60.7493pt too wide) in paragraph at lines 1633--1634
 [][] 
 []

<26.Strength.png, id=302, 1240.635pt x 906.38625pt>
File: 26.Strength.png Graphic file (type png)
<use 26.Strength.png>
Package pdftex.def Info: 26.Strength.png  used on input line 1643.
(pdftex.def)             Requested size: 306.95775pt x 224.25868pt.
[59 <./26.d1-0.25.png> <./26.d2-0.25.png> <./26.d1_tran_0.5.png> <./26.d2_tran_
0.5.png>]
<26.FvsD_alphas.png, id=306, 1240.635pt x 906.38625pt>
File: 26.FvsD_alphas.png Graphic file (type png)
<use 26.FvsD_alphas.png>
Package pdftex.def Info: 26.FvsD_alphas.png  used on input line 1653.
(pdftex.def)             Requested size: 256.07343pt x 187.08276pt.
 [60 <./26.Strength.png (PNG copy)>]
<26.Stress_Comp.png, id=310, 1240.635pt x 902.37125pt>
File: 26.Stress_Comp.png Graphic file (type png)
<use 26.Stress_Comp.png>
Package pdftex.def Info: 26.Stress_Comp.png  used on input line 1662.
(pdftex.def)             Requested size: 263.11047pt x 191.36238pt.
File: 26.d2-1.png Graphic file (type png)
<use 26.d2-1.png>
Package pdftex.def Info: 26.d2-1.png  used on input line 1673.
(pdftex.def)             Requested size: 236.15022pt x 151.25029pt.

Overfull \hbox (60.74771pt too wide) in paragraph at lines 1673--1675
 [][] 
 []

<26.d2_a_0.1.png, id=311, 752.0597pt x 507.39563pt>
File: 26.d2_a_0.1.png Graphic file (type png)
<use 26.d2_a_0.1.png>
Package pdftex.def Info: 26.d2_a_0.1.png  used on input line 1682.
(pdftex.def)             Requested size: 236.15414pt x 159.32722pt.

Overfull \hbox (60.75163pt too wide) in paragraph at lines 1682--1684
 [][] 
 []

[61 <./26.FvsD_alphas.png (PNG copy)> <./26.Stress_Comp.png (PNG copy)>]
<26.d2_a_0.2.png, id=316, 752.0597pt x 478.78876pt>
File: 26.d2_a_0.2.png Graphic file (type png)
<use 26.d2_a_0.2.png>
Package pdftex.def Info: 26.d2_a_0.2.png  used on input line 1693.
(pdftex.def)             Requested size: 236.15414pt x 150.34438pt.

Overfull \hbox (60.75163pt too wide) in paragraph at lines 1693--1695
 [][] 
 []

<26.d2_a_0.3.png, id=317, 755.82375pt x 479.54156pt>
File: 26.d2_a_0.3.png Graphic file (type png)
<use 26.d2_a_0.3.png>
Package pdftex.def Info: 26.d2_a_0.3.png  used on input line 1702.
(pdftex.def)             Requested size: 236.15974pt x 149.83441pt.

Overfull \hbox (60.75723pt too wide) in paragraph at lines 1702--1704
 [][] 
 []

<26.d2_a_0.5.png, id=318, 734.745pt x 475.02469pt>
File: 26.d2_a_0.5.png Graphic file (type png)
<use 26.d2_a_0.5.png>
Package pdftex.def Info: 26.d2_a_0.5.png  used on input line 1713.
(pdftex.def)             Requested size: 236.15463pt x 152.67784pt.

Overfull \hbox (60.75212pt too wide) in paragraph at lines 1713--1715
 [][] 
 []

<26.d1_a_0.png, id=319, 736.25063pt x 474.27188pt>
File: 26.d1_a_0.png Graphic file (type png)
<use 26.d1_a_0.png>
Package pdftex.def Info: 26.d1_a_0.png  used on input line 1726.
(pdftex.def)             Requested size: 236.15549pt x 152.1247pt.

Overfull \hbox (60.75298pt too wide) in paragraph at lines 1726--1728
 [][] 
 []

<26.d1_a_0.5.png, id=320, 747.54282pt x 489.32813pt>
File: 26.d1_a_0.5.png Graphic file (type png)
<use 26.d1_a_0.5.png>
Package pdftex.def Info: 26.d1_a_0.5.png  used on input line 1734.
(pdftex.def)             Requested size: 236.15022pt x 154.5797pt.

Overfull \hbox (60.74771pt too wide) in paragraph at lines 1734--1736
 [][] 
 []

[62 <./26.d2_a_0.1.png> <./26.d2_a_0.2.png> <./26.d2_a_0.3.png> <./26.d2_a_0.5.
png>] [63 <./26.d1_a_0.png> <./26.d1_a_0.5.png>]

LaTeX Warning: Reference `fig:plate with hole mesh' on page 64 undefined on inp
ut line 1745.

<27.Geometry.jpg, id=327, 932.73468pt x 484.81125pt>
File: 27.Geometry.jpg Graphic file (type jpg)
<use 27.Geometry.jpg>
Package pdftex.def Info: 27.Geometry.jpg  used on input line 1750.
(pdftex.def)             Requested size: 438.513pt x 227.92789pt.
<27.Mesh.png, id=328, 694.09312pt x 578.91281pt>
File: 27.Mesh.png Graphic file (type png)
<use 27.Mesh.png>
Package pdftex.def Info: 27.Mesh.png  used on input line 1763.
(pdftex.def)             Requested size: 284.53766pt x 237.32045pt.

Overfull \hbox (65.28116pt too wide) in paragraph at lines 1763--1765
 [][] 
 []

<27.Mesh2.png, id=329, 90.3375pt x 603.75563pt>
File: 27.Mesh2.png Graphic file (type png)
<use 27.Mesh2.png>
Package pdftex.def Info: 27.Mesh2.png  used on input line 1770.
(pdftex.def)             Requested size: 40.44334pt x 270.29642pt.
[64 <./27.Geometry.jpg>]
<27.FvsD1.png, id=333, 1240.635pt x 902.37125pt>
File: 27.FvsD1.png Graphic file (type png)
<use 27.FvsD1.png>
Package pdftex.def Info: 27.FvsD1.png  used on input line 1780.
(pdftex.def)             Requested size: 350.81174pt x 255.15442pt.
<27.d1-lt-e.png, id=334, 738.50906pt x 523.9575pt>
File: 27.d1-lt-e.png Graphic file (type png)
<use 27.d1-lt-e.png>
Package pdftex.def Info: 27.d1-lt-e.png  used on input line 1789.
(pdftex.def)             Requested size: 236.15869pt x 167.5499pt.

Overfull \hbox (60.75618pt too wide) in paragraph at lines 1789--1790
[][] 
 []

<27.d1-lt-n.png, id=335, 737.00343pt x 520.94624pt>
File: 27.d1-lt-n.png Graphic file (type png)
<use 27.d1-lt-n.png>
Package pdftex.def Info: 27.d1-lt-n.png  used on input line 1795.
(pdftex.def)             Requested size: 236.14955pt x 166.92082pt.

Overfull \hbox (60.74704pt too wide) in paragraph at lines 1795--1796
[][] 
 []


Underfull \hbox (badness 10000) in paragraph at lines 1777--1800

 []

[65 <./27.Mesh.png> <./27.Mesh2.png> <./27.FvsD1.png (PNG copy)>]
<27.d2-lt-e.png, id=339, 733.23938pt x 523.20468pt>
File: 27.d2-lt-e.png Graphic file (type png)
<use 27.d2-lt-e.png>
Package pdftex.def Info: 27.d2-lt-e.png  used on input line 1803.
(pdftex.def)             Requested size: 236.15181pt x 168.50668pt.

Overfull \hbox (60.7493pt too wide) in paragraph at lines 1803--1804
[][] 
 []

<27.d2-lt-n.png, id=340, 741.52031pt x 524.71031pt>
File: 27.d2-lt-n.png Graphic file (type png)
<use 27.d2-lt-n.png>
Package pdftex.def Info: 27.d2-lt-n.png  used on input line 1809.
(pdftex.def)             Requested size: 236.14856pt x 167.10207pt.

Overfull \hbox (60.74605pt too wide) in paragraph at lines 1809--1810
[][] 
 []

<27.d3-lt-e.png, id=341, 722.7pt x 523.9575pt>
File: 27.d3-lt-e.png Graphic file (type png)
<use 27.d3-lt-e.png>
Package pdftex.def Info: 27.d3-lt-e.png  used on input line 1817.
(pdftex.def)             Requested size: 236.1539pt x 171.21158pt.

Overfull \hbox (60.75139pt too wide) in paragraph at lines 1817--1818
[][] 
 []

<27.d3-lt-n.png, id=342, 742.27313pt x 520.94624pt>
File: 27.d3-lt-n.png Graphic file (type png)
<use 27.d3-lt-n.png>
Package pdftex.def Info: 27.d3-lt-n.png  used on input line 1823.
(pdftex.def)             Requested size: 236.15047pt x 165.73642pt.

Overfull \hbox (60.74796pt too wide) in paragraph at lines 1823--1824
[][] 
 []

[66 <./27.d1-lt-e.png> <./27.d1-lt-n.png> <./27.d2-lt-e.png> <./27.d2-lt-n.png>
]
<27.d2-tt-e.png, id=346, 732.48656pt x 536.75531pt>
File: 27.d2-tt-e.png Graphic file (type png)
<use 27.d2-tt-e.png>
Package pdftex.def Info: 27.d2-tt-e.png  used on input line 1834.
(pdftex.def)             Requested size: 236.15524pt x 173.05106pt.

Overfull \hbox (60.75273pt too wide) in paragraph at lines 1834--1835
[][] 
 []

<27.d2-tt-n.png, id=347, 728.7225pt x 538.26094pt>
File: 27.d2-tt-n.png Graphic file (type png)
<use 27.d2-tt-n.png>
Package pdftex.def Info: 27.d2-tt-n.png  used on input line 1840.
(pdftex.def)             Requested size: 236.15372pt x 174.43172pt.

Overfull \hbox (60.7512pt too wide) in paragraph at lines 1840--1841
[][] 
 []

<27.d3-tt-e.png, id=348, 733.23938pt x 536.0025pt>
File: 27.d3-tt-e.png Graphic file (type png)
<use 27.d3-tt-e.png>
Package pdftex.def Info: 27.d3-tt-e.png  used on input line 1848.
(pdftex.def)             Requested size: 236.15181pt x 172.62843pt.

Overfull \hbox (60.7493pt too wide) in paragraph at lines 1848--1849
[][] 
 []

<27.d3-tt-n.png, id=349, 713.66624pt x 535.2497pt>
File: 27.d3-tt-n.png Graphic file (type png)
<use 27.d3-tt-n.png>
Package pdftex.def Info: 27.d3-tt-n.png  used on input line 1854.
(pdftex.def)             Requested size: 236.15308pt x 177.1148pt.

Overfull \hbox (60.75056pt too wide) in paragraph at lines 1854--1855
[][] 
 []

<27.d2-tc-e.png, id=350, 733.99219pt x 535.2497pt>
File: 27.d2-tc-e.png Graphic file (type png)
<use 27.d2-tc-e.png>
Package pdftex.def Info: 27.d2-tc-e.png  used on input line 1866.
(pdftex.def)             Requested size: 236.15907pt x 172.21446pt.

Overfull \hbox (60.75656pt too wide) in paragraph at lines 1866--1867
[][] 
 []

<27.d2-tc-n.png, id=351, 741.52031pt x 537.50812pt>
File: 27.d2-tc-n.png Graphic file (type png)
<use 27.d2-tc-n.png>
Package pdftex.def Info: 27.d2-tc-n.png  used on input line 1872.
(pdftex.def)             Requested size: 236.14856pt x 171.17773pt.

Overfull \hbox (60.74605pt too wide) in paragraph at lines 1872--1873
[][] 
 []

[67 <./27.d3-lt-e.png> <./27.d3-lt-n.png> <./27.d2-tt-e.png> <./27.d2-tt-n.png>
] [68 <./27.d3-tt-e.png> <./27.d3-tt-n.png> <./27.d2-tc-e.png> <./27.d2-tc-n.pn
g>]
<27.d3-tc-e.png, id=359, 743.02594pt x 540.51938pt>
File: 27.d3-tc-e.png Graphic file (type png)
<use 27.d3-tc-e.png>
Package pdftex.def Info: 27.d3-tc-e.png  used on input line 1880.
(pdftex.def)             Requested size: 236.15187pt x 171.79031pt.

Overfull \hbox (60.74936pt too wide) in paragraph at lines 1880--1881
[][] 
 []

<27.d3-tc-n.png, id=360, 727.96968pt x 529.98pt>
File: 27.d3-tc-n.png Graphic file (type png)
<use 27.d3-tc-n.png>
Package pdftex.def Info: 27.d3-tc-n.png  used on input line 1886.
(pdftex.def)             Requested size: 236.15413pt x 171.92606pt.

Overfull \hbox (60.75162pt too wide) in paragraph at lines 1886--1887
[][] 
 []

[69 <./27.d3-tc-e.png> <./27.d3-tc-n.png>] (Master_thesis.aux)

LaTeX Font Warning: Size substitutions with differences
(Font)              up to 4.5pt have occurred.


LaTeX Font Warning: Some font shapes were not available, defaults substituted.


LaTeX Warning: There were undefined references.


LaTeX Warning: There were multiply-defined labels.

 ) 
Here is how much of TeX's memory you used:
 18844 strings out of 479321
 377283 string characters out of 2856583
 740219 words of memory out of 3000000
 35838 multiletter control sequences out of 15000+600000
 417736 words of font info for 84 fonts, out of 8000000 for 9000
 1141 hyphenation exceptions out of 8191
 87i,13n,89p,1610b,834s stack positions out of 5000i,500n,10000p,200000b,80000s
 <C:\Users\aruns\AppData\Local\MiKTeX\fonts/pk/ljfour/jknappen/ec/dpi600\tcrm
1200.pk><C:/Users/aruns/AppData/Local/Programs/MiKTeX/fonts/type1/public/amsfon
ts/cm/cmbx12.pfb><C:/Users/aruns/AppData/Local/Programs/MiKTeX/fonts/type1/publ
ic/amsfonts/cm/cmex10.pfb><C:/Users/aruns/AppData/Local/Programs/MiKTeX/fonts/t
ype1/public/amsfonts/cm/cmmi10.pfb><C:/Users/aruns/AppData/Local/Programs/MiKTe
X/fonts/type1/public/amsfonts/cm/cmmi12.pfb><C:/Users/aruns/AppData/Local/Progr
ams/MiKTeX/fonts/type1/public/amsfonts/cm/cmmi6.pfb><C:/Users/aruns/AppData/Loc
al/Programs/MiKTeX/fonts/type1/public/amsfonts/cm/cmmi7.pfb><C:/Users/aruns/App
Data/Local/Programs/MiKTeX/fonts/type1/public/amsfonts/cm/cmmi8.pfb><C:/Users/a
runs/AppData/Local/Programs/MiKTeX/fonts/type1/public/amsfonts/cm/cmr10.pfb><C:
/Users/aruns/AppData/Local/Programs/MiKTeX/fonts/type1/public/amsfonts/cm/cmr12
.pfb><C:/Users/aruns/AppData/Local/Programs/MiKTeX/fonts/type1/public/amsfonts/
cm/cmr6.pfb><C:/Users/aruns/AppData/Local/Programs/MiKTeX/fonts/type1/public/am
sfonts/cm/cmr7.pfb><C:/Users/aruns/AppData/Local/Programs/MiKTeX/fonts/type1/pu
blic/amsfonts/cm/cmr8.pfb><C:/Users/aruns/AppData/Local/Programs/MiKTeX/fonts/t
ype1/public/amsfonts/cm/cmsy10.pfb><C:/Users/aruns/AppData/Local/Programs/MiKTe
X/fonts/type1/public/amsfonts/cm/cmsy8.pfb><C:/Users/aruns/AppData/Local/Progra
ms/MiKTeX/fonts/type1/public/amsfonts/symbols/msbm10.pfb>
Output written on Master_thesis.pdf (69 pages, 4845752 bytes).
PDF statistics:
 418 PDF objects out of 1000 (max. 8388607)
 0 named destinations out of 1000 (max. 500000)
 493 words of extra memory for PDF output out of 10000 (max. 10000000)

